Start testing: Jan 06 09:35 CET
----------------------------------------------------------
1/5 Testing: copyright
1/5 Test: copyright
Command: "/usr/bin/python3" "-u" "/opt/ros/foxy/share/ament_cmake_test/cmake/run_test.py" "/home/bot/ros2_ws/build/tbot_start/test_results/tbot_start/copyright.xunit.xml" "--package-name" "tbot_start" "--output-file" "/home/bot/ros2_ws/build/tbot_start/ament_copyright/copyright.txt" "--command" "/opt/ros/foxy/bin/ament_copyright" "--xunit-file" "/home/bot/ros2_ws/build/tbot_start/test_results/tbot_start/copyright.xunit.xml"
Directory: /home/bot/ros2_ws/pkg-tbot/tbot_start
"copyright" start time: Jan 06 09:35 CET
Output:
----------------------------------------------------------
-- run_test.py: invoking following command in '/home/bot/ros2_ws/pkg-tbot/tbot_start':
 - /opt/ros/foxy/bin/ament_copyright --xunit-file /home/bot/ros2_ws/build/tbot_start/test_results/tbot_start/copyright.xunit.xml
launch/bringup.launch.py: could not find copyright notice
launch/move_launch.py: could not find copyright notice
2 errors, checked 2 files
-- run_test.py: return code 1
-- run_test.py: verify result file '/home/bot/ros2_ws/build/tbot_start/test_results/tbot_start/copyright.xunit.xml'
<end of output>
Test time =   0.15 sec
----------------------------------------------------------
Test Failed.
"copyright" end time: Jan 06 09:35 CET
"copyright" time elapsed: 00:00:00
----------------------------------------------------------

2/5 Testing: flake8
2/5 Test: flake8
Command: "/usr/bin/python3" "-u" "/opt/ros/foxy/share/ament_cmake_test/cmake/run_test.py" "/home/bot/ros2_ws/build/tbot_start/test_results/tbot_start/flake8.xunit.xml" "--package-name" "tbot_start" "--output-file" "/home/bot/ros2_ws/build/tbot_start/ament_flake8/flake8.txt" "--command" "/opt/ros/foxy/bin/ament_flake8" "--xunit-file" "/home/bot/ros2_ws/build/tbot_start/test_results/tbot_start/flake8.xunit.xml"
Directory: /home/bot/ros2_ws/pkg-tbot/tbot_start
"flake8" start time: Jan 06 09:35 CET
Output:
----------------------------------------------------------
-- run_test.py: invoking following command in '/home/bot/ros2_ws/pkg-tbot/tbot_start':
 - /opt/ros/foxy/bin/ament_flake8 --xunit-file /home/bot/ros2_ws/build/tbot_start/test_results/tbot_start/flake8.xunit.xml

./launch/bringup.launch.py:7:1: E302 expected 2 blank lines, found 1
def generate_launch_description():
^

./launch/bringup.launch.py:9:45: E231 missing whitespace after ','
    kobuki_urdf = os.path.join(tbot_sim_path,'urdf', 'kobuki_standalone.urdf')
                                            ^

./launch/bringup.launch.py:43:17: E128 continuation line under-indented for visual indent
                'robot_description': urdf}]),
                ^

./launch/move_launch.py:4:1: E302 expected 2 blank lines, found 1
def generate_launch_description():
^

1     E128 continuation line under-indented for visual indent
1     E231 missing whitespace after ','
2     E302 expected 2 blank lines, found 1

2 files checked
4 errors

'E'-type errors: 4

Checked files:

* ./launch/bringup.launch.py
* ./launch/move_launch.py
-- run_test.py: return code 1
-- run_test.py: verify result file '/home/bot/ros2_ws/build/tbot_start/test_results/tbot_start/flake8.xunit.xml'
<end of output>
Test time =   0.22 sec
----------------------------------------------------------
Test Failed.
"flake8" end time: Jan 06 09:35 CET
"flake8" time elapsed: 00:00:00
----------------------------------------------------------

3/5 Testing: lint_cmake
3/5 Test: lint_cmake
Command: "/usr/bin/python3" "-u" "/opt/ros/foxy/share/ament_cmake_test/cmake/run_test.py" "/home/bot/ros2_ws/build/tbot_start/test_results/tbot_start/lint_cmake.xunit.xml" "--package-name" "tbot_start" "--output-file" "/home/bot/ros2_ws/build/tbot_start/ament_lint_cmake/lint_cmake.txt" "--command" "/opt/ros/foxy/bin/ament_lint_cmake" "--xunit-file" "/home/bot/ros2_ws/build/tbot_start/test_results/tbot_start/lint_cmake.xunit.xml"
Directory: /home/bot/ros2_ws/pkg-tbot/tbot_start
"lint_cmake" start time: Jan 06 09:35 CET
Output:
----------------------------------------------------------
-- run_test.py: invoking following command in '/home/bot/ros2_ws/pkg-tbot/tbot_start':
 - /opt/ros/foxy/bin/ament_lint_cmake --xunit-file /home/bot/ros2_ws/build/tbot_start/test_results/tbot_start/lint_cmake.xunit.xml

No problems found
-- run_test.py: return code 0
-- run_test.py: verify result file '/home/bot/ros2_ws/build/tbot_start/test_results/tbot_start/lint_cmake.xunit.xml'
<end of output>
Test time =   0.15 sec
----------------------------------------------------------
Test Passed.
"lint_cmake" end time: Jan 06 09:35 CET
"lint_cmake" time elapsed: 00:00:00
----------------------------------------------------------

4/5 Testing: pep257
4/5 Test: pep257
Command: "/usr/bin/python3" "-u" "/opt/ros/foxy/share/ament_cmake_test/cmake/run_test.py" "/home/bot/ros2_ws/build/tbot_start/test_results/tbot_start/pep257.xunit.xml" "--package-name" "tbot_start" "--output-file" "/home/bot/ros2_ws/build/tbot_start/ament_pep257/pep257.txt" "--command" "/opt/ros/foxy/bin/ament_pep257" "--xunit-file" "/home/bot/ros2_ws/build/tbot_start/test_results/tbot_start/pep257.xunit.xml"
Directory: /home/bot/ros2_ws/pkg-tbot/tbot_start
"pep257" start time: Jan 06 09:35 CET
Output:
----------------------------------------------------------
-- run_test.py: invoking following command in '/home/bot/ros2_ws/pkg-tbot/tbot_start':
 - /opt/ros/foxy/bin/ament_pep257 --xunit-file /home/bot/ros2_ws/build/tbot_start/test_results/tbot_start/pep257.xunit.xml
checking ./launch/bringup.launch.py
checking ./launch/move_launch.py
No problems found
-- run_test.py: return code 0
-- run_test.py: verify result file '/home/bot/ros2_ws/build/tbot_start/test_results/tbot_start/pep257.xunit.xml'
<end of output>
Test time =   0.19 sec
----------------------------------------------------------
Test Passed.
"pep257" end time: Jan 06 09:35 CET
"pep257" time elapsed: 00:00:00
----------------------------------------------------------

5/5 Testing: xmllint
5/5 Test: xmllint
Command: "/usr/bin/python3" "-u" "/opt/ros/foxy/share/ament_cmake_test/cmake/run_test.py" "/home/bot/ros2_ws/build/tbot_start/test_results/tbot_start/xmllint.xunit.xml" "--package-name" "tbot_start" "--output-file" "/home/bot/ros2_ws/build/tbot_start/ament_xmllint/xmllint.txt" "--command" "/opt/ros/foxy/bin/ament_xmllint" "--xunit-file" "/home/bot/ros2_ws/build/tbot_start/test_results/tbot_start/xmllint.xunit.xml"
Directory: /home/bot/ros2_ws/pkg-tbot/tbot_start
"xmllint" start time: Jan 06 09:35 CET
Output:
----------------------------------------------------------
-- run_test.py: invoking following command in '/home/bot/ros2_ws/pkg-tbot/tbot_start':
 - /opt/ros/foxy/bin/ament_xmllint --xunit-file /home/bot/ros2_ws/build/tbot_start/test_results/tbot_start/xmllint.xunit.xml
File 'package.xml' is valid

No problems found
-- run_test.py: return code 0
-- run_test.py: verify result file '/home/bot/ros2_ws/build/tbot_start/test_results/tbot_start/xmllint.xunit.xml'
<end of output>
Test time =   1.16 sec
----------------------------------------------------------
Test Passed.
"xmllint" end time: Jan 06 09:35 CET
"xmllint" time elapsed: 00:00:01
----------------------------------------------------------

End testing: Jan 06 09:35 CET

copyright =   0.15 sec*proc

flake8 =   0.22 sec*proc

lint_cmake =   0.15 sec*proc

linter =   1.86 sec*proc

pep257 =   0.19 sec*proc

xmllint =   1.16 sec*proc

