<?xml version="1.0" encoding="utf-8"?><testsuites><testsuite errors="0" failures="2" hostname="bishop" name="pytest" skipped="0" tests="3" time="0.155" timestamp="2023-01-06T09:35:44.780621"><testcase classname="tbot_pytools.test.test_copyright" file="test/test_copyright.py" line="18" name="test_copyright" time="0.009"><failure message="AssertionError: Found errors
assert 1 == 0">test/test_copyright.py:23: in test_copyright
    assert rc == 0, &apos;Found errors&apos;
E   AssertionError: Found errors
E   assert 1 == 0</failure><system-err>tbot_pytools/multiplexer.py: could not find copyright notice
tbot_pytools/reactive_move.py: could not find copyright notice
2 errors, checked 6 files
</system-err></testcase><testcase classname="tbot_pytools.test.test_flake8" file="test/test_flake8.py" line="18" name="test_flake8" time="0.066"><failure message="AssertionError: Found 114 code style errors / warnings:
  ./tbot_pytools/reactive_move.py:6:1: F401 &apos;std_msgs.msg.String&apos; imported but unused
  ./tbot_pytools/reactive_move.py:10:11: E225 missing whitespace around operator
  ./tbot_pytools/reactive_move.py:11:11: E225 missing whitespace around operator
  ./tbot_pytools/reactive_move.py:12:11: E225 missing whitespace around operator
  ./tbot_pytools/reactive_move.py:13:12: E225 missing whitespace around operator
  ./tbot_pytools/reactive_move.py:15:1: E302 expected 2 blank lines, found 1
  ./tbot_pytools/reactive_move.py:20:34: E201 whitespace after &apos;(&apos;
  ./tbot_pytools/reactive_move.py:21:23: E225 missing whitespace around operator
  ./tbot_pytools/reactive_move.py:22:32: E225 missing whitespace around operator
  ./tbot_pytools/reactive_move.py:25:19: E225 missing whitespace around operator
  ./tbot_pytools/reactive_move.py:26:1: W293 blank line contains whitespace
  ./tbot_pytools/reactive_move.py:28:23: E225 missing whitespace around operator
  ./tbot_pytools/reactive_move.py:29:30: E225 missing whitespace around operator
  ./tbot_pytools/reactive_move.py:30:14: E225 missing whitespace around operator
  ./tbot_pytools/reactive_move.py:31:13: E225 missing whitespace around operator
  ./tbot_pytools/reactive_move.py:32:40: E203 whitespace before &apos;:&apos;
  ./tbot_pytools/reactive_move.py:33:52: E203 whitespace before &apos;:&apos;
  ./tbot_pytools/reactive_move.py:34:23: E225 missing whitespace around operator
  ./tbot_pytools/reactive_move.py:35:25: E225 missing whitespace around operator
  ./tbot_pytools/reactive_move.py:36:25: E225 missing whitespace around operator
  ./tbot_pytools/reactive_move.py:36:44: E201 whitespace after &apos;(&apos;
  ./tbot_pytools/reactive_move.py:36:50: E202 whitespace before &apos;)&apos;
  ./tbot_pytools/reactive_move.py:37:25: E225 missing whitespace around operator
  ./tbot_pytools/reactive_move.py:38:46: E201 whitespace after &apos;(&apos;
  ./tbot_pytools/reactive_move.py:38:53: E202 whitespace before &apos;)&apos;
  ./tbot_pytools/reactive_move.py:39:18: E225 missing whitespace around operator
  ./tbot_pytools/reactive_move.py:40:1: W293 blank line contains whitespace
  ./tbot_pytools/reactive_move.py:41:15: E225 missing whitespace around operator
  ./tbot_pytools/reactive_move.py:41:18: E201 whitespace after &apos;[&apos;
  ./tbot_pytools/reactive_move.py:41:20: E201 whitespace after &apos;[&apos;
  ./tbot_pytools/reactive_move.py:41:49: E202 whitespace before &apos;]&apos;
  ./tbot_pytools/reactive_move.py:41:60: E271 multiple spaces after keyword
  ./tbot_pytools/reactive_move.py:41:90: E202 whitespace before &apos;]&apos;
  ./tbot_pytools/reactive_move.py:42:32: E201 whitespace after &apos;(&apos;
  ./tbot_pytools/reactive_move.py:42:84: E202 whitespace before &apos;)&apos;
  ./tbot_pytools/reactive_move.py:43:42: E201 whitespace after &apos;(&apos;
  ./tbot_pytools/reactive_move.py:43:57: E202 whitespace before &apos;)&apos;
  ./tbot_pytools/reactive_move.py:47:43: E203 whitespace before &apos;:&apos;
  ./tbot_pytools/reactive_move.py:49:23: E225 missing whitespace around operator
  ./tbot_pytools/reactive_move.py:54:14: E225 missing whitespace around operator
  ./tbot_pytools/reactive_move.py:55:21: E225 missing whitespace around operator
  ./tbot_pytools/reactive_move.py:57:21: E225 missing whitespace around operator
  ./tbot_pytools/reactive_move.py:58:22: E225 missing whitespace around operator
  ./tbot_pytools/reactive_move.py:59:41: E203 whitespace before &apos;:&apos;
  ./tbot_pytools/reactive_move.py:60:77: E203 whitespace before &apos;:&apos;
  ./tbot_pytools/reactive_move.py:61:31: E203 whitespace before &apos;:&apos;
  ./tbot_pytools/reactive_move.py:62:34: E225 missing whitespace around operator
  ./tbot_pytools/reactive_move.py:63:21: E203 whitespace before &apos;:&apos;
  ./tbot_pytools/reactive_move.py:64:33: E225 missing whitespace around operator
  ./tbot_pytools/reactive_move.py:65:37: E201 whitespace after &apos;(&apos;
  ./tbot_pytools/reactive_move.py:65:41: E202 whitespace before &apos;)&apos;
  ./tbot_pytools/reactive_move.py:66:1: W293 blank line contains whitespace
  ./tbot_pytools/reactive_move.py:67:27: W291 trailing whitespace
  ./tbot_pytools/reactive_move.py:68:40: E201 whitespace after &apos;(&apos;
  ./tbot_pytools/reactive_move.py:68:46: E202 whitespace before &apos;)&apos;
  ./tbot_pytools/reactive_move.py:69:24: E203 whitespace before &apos;:&apos;
  ./tbot_pytools/reactive_move.py:70:31: E201 whitespace after &apos;[&apos;
  ./tbot_pytools/reactive_move.py:70:54: E202 whitespace before &apos;]&apos;
  ./tbot_pytools/reactive_move.py:70:56: E203 whitespace before &apos;:&apos;
  ./tbot_pytools/reactive_move.py:72:27: E225 missing whitespace around operator
  ./tbot_pytools/reactive_move.py:73:27: E203 whitespace before &apos;:&apos;
  ./tbot_pytools/reactive_move.py:74:31: E201 whitespace after &apos;[&apos;
  ./tbot_pytools/reactive_move.py:74:54: E202 whitespace before &apos;]&apos;
  ./tbot_pytools/reactive_move.py:74:56: E203 whitespace before &apos;:&apos;
  ./tbot_pytools/reactive_move.py:76:27: E225 missing whitespace around operator
  ./tbot_pytools/reactive_move.py:78:38: E203 whitespace before &apos;:&apos;
  ./tbot_pytools/reactive_move.py:79:16: E111 indentation is not a multiple of four
  ./tbot_pytools/reactive_move.py:79:16: E117 over-indented
  ./tbot_pytools/reactive_move.py:80:16: E111 indentation is not a multiple of four
  ./tbot_pytools/reactive_move.py:80:26: E225 missing whitespace around operator
  ./tbot_pytools/reactive_move.py:81:1: W293 blank line contains whitespace
  ./tbot_pytools/reactive_move.py:82:9: E265 block comment should start with &apos;# &apos;
  ./tbot_pytools/reactive_move.py:84:37: E203 whitespace before &apos;:&apos;
  ./tbot_pytools/reactive_move.py:85:27: E225 missing whitespace around operator
  ./tbot_pytools/reactive_move.py:86:38: E203 whitespace before &apos;:&apos;
  ./tbot_pytools/reactive_move.py:87:27: E225 missing whitespace around operator
  ./tbot_pytools/reactive_move.py:88:38: E203 whitespace before &apos;:&apos;
  ./tbot_pytools/reactive_move.py:89:26: E225 missing whitespace around operator
  ./tbot_pytools/reactive_move.py:93:1: E302 expected 2 blank lines, found 1
  ./tbot_pytools/reactive_move.py:98:18: E225 missing whitespace around operator
  ./tbot_pytools/reactive_move.py:99:1: W293 blank line contains whitespace
  ./tbot_pytools/reactive_move.py:102:1: W293 blank line contains whitespace
  ./tbot_pytools/multiplexer.py:2:12: E401 multiple imports on one line
  ./tbot_pytools/multiplexer.py:7:1: E302 expected 2 blank lines, found 1
  ./tbot_pytools/multiplexer.py:9:18: E201 whitespace after &apos;(&apos;
  ./tbot_pytools/multiplexer.py:9:33: E251 unexpected spaces around keyword / parameter equals
  ./tbot_pytools/multiplexer.py:9:100: E501 line too long (149 &gt; 99 characters)
  ./tbot_pytools/multiplexer.py:9:147: E202 whitespace before &apos;)&apos;
  ./tbot_pytools/multiplexer.py:11:18: E225 missing whitespace around operator
  ./tbot_pytools/multiplexer.py:15:18: E225 missing whitespace around operator
  ./tbot_pytools/multiplexer.py:16:56: E203 whitespace before &apos;:&apos;
  ./tbot_pytools/multiplexer.py:17:38: E201 whitespace after &apos;(&apos;
  ./tbot_pytools/multiplexer.py:19:18: E225 missing whitespace around operator
  ./tbot_pytools/multiplexer.py:20:15: E225 missing whitespace around operator
  ./tbot_pytools/multiplexer.py:22:26: E225 missing whitespace around operator
  ./tbot_pytools/multiplexer.py:23:31: E203 whitespace before &apos;:&apos;
  ./tbot_pytools/multiplexer.py:24:38: E201 whitespace after &apos;(&apos;
  ./tbot_pytools/multiplexer.py:24:61: E201 whitespace after &apos;(&apos;
  ./tbot_pytools/multiplexer.py:24:81: E202 whitespace before &apos;)&apos;
  ./tbot_pytools/multiplexer.py:27:10: E225 missing whitespace around operator
  ./tbot_pytools/multiplexer.py:28:55: E203 whitespace before &apos;:&apos;
  ./tbot_pytools/multiplexer.py:29:38: E203 whitespace before &apos;:&apos;
  ./tbot_pytools/multiplexer.py:30:40: E201 whitespace after &apos;(&apos;
  ./tbot_pytools/multiplexer.py:30:69: E202 whitespace before &apos;)&apos;
  ./tbot_pytools/multiplexer.py:31:22: E225 missing whitespace around operator
  ./tbot_pytools/multiplexer.py:32:19: E225 missing whitespace around operator
  ./tbot_pytools/multiplexer.py:33:39: E203 whitespace before &apos;:&apos;
  ./tbot_pytools/multiplexer.py:34:27: E201 whitespace after &apos;(&apos;
  ./tbot_pytools/multiplexer.py:34:34: E202 whitespace before &apos;)&apos;
  ./tbot_pytools/multiplexer.py:37:13: E225 missing whitespace around operator
  ./tbot_pytools/multiplexer.py:42:1: W293 blank line contains whitespace
  ./tbot_pytools/multiplexer.py:64:1: E302 expected 2 blank lines, found 1
  ./tbot_pytools/multiplexer.py:70:1: W293 blank line contains whitespace
  ./tbot_pytools/multiplexer.py:73:1: W293 blank line contains whitespace
assert 1 == 0">test/test_flake8.py:23: in test_flake8
    assert rc == 0, \
E   AssertionError: Found 114 code style errors / warnings:
E     ./tbot_pytools/reactive_move.py:6:1: F401 &apos;std_msgs.msg.String&apos; imported but unused
E     ./tbot_pytools/reactive_move.py:10:11: E225 missing whitespace around operator
E     ./tbot_pytools/reactive_move.py:11:11: E225 missing whitespace around operator
E     ./tbot_pytools/reactive_move.py:12:11: E225 missing whitespace around operator
E     ./tbot_pytools/reactive_move.py:13:12: E225 missing whitespace around operator
E     ./tbot_pytools/reactive_move.py:15:1: E302 expected 2 blank lines, found 1
E     ./tbot_pytools/reactive_move.py:20:34: E201 whitespace after &apos;(&apos;
E     ./tbot_pytools/reactive_move.py:21:23: E225 missing whitespace around operator
E     ./tbot_pytools/reactive_move.py:22:32: E225 missing whitespace around operator
E     ./tbot_pytools/reactive_move.py:25:19: E225 missing whitespace around operator
E     ./tbot_pytools/reactive_move.py:26:1: W293 blank line contains whitespace
E     ./tbot_pytools/reactive_move.py:28:23: E225 missing whitespace around operator
E     ./tbot_pytools/reactive_move.py:29:30: E225 missing whitespace around operator
E     ./tbot_pytools/reactive_move.py:30:14: E225 missing whitespace around operator
E     ./tbot_pytools/reactive_move.py:31:13: E225 missing whitespace around operator
E     ./tbot_pytools/reactive_move.py:32:40: E203 whitespace before &apos;:&apos;
E     ./tbot_pytools/reactive_move.py:33:52: E203 whitespace before &apos;:&apos;
E     ./tbot_pytools/reactive_move.py:34:23: E225 missing whitespace around operator
E     ./tbot_pytools/reactive_move.py:35:25: E225 missing whitespace around operator
E     ./tbot_pytools/reactive_move.py:36:25: E225 missing whitespace around operator
E     ./tbot_pytools/reactive_move.py:36:44: E201 whitespace after &apos;(&apos;
E     ./tbot_pytools/reactive_move.py:36:50: E202 whitespace before &apos;)&apos;
E     ./tbot_pytools/reactive_move.py:37:25: E225 missing whitespace around operator
E     ./tbot_pytools/reactive_move.py:38:46: E201 whitespace after &apos;(&apos;
E     ./tbot_pytools/reactive_move.py:38:53: E202 whitespace before &apos;)&apos;
E     ./tbot_pytools/reactive_move.py:39:18: E225 missing whitespace around operator
E     ./tbot_pytools/reactive_move.py:40:1: W293 blank line contains whitespace
E     ./tbot_pytools/reactive_move.py:41:15: E225 missing whitespace around operator
E     ./tbot_pytools/reactive_move.py:41:18: E201 whitespace after &apos;[&apos;
E     ./tbot_pytools/reactive_move.py:41:20: E201 whitespace after &apos;[&apos;
E     ./tbot_pytools/reactive_move.py:41:49: E202 whitespace before &apos;]&apos;
E     ./tbot_pytools/reactive_move.py:41:60: E271 multiple spaces after keyword
E     ./tbot_pytools/reactive_move.py:41:90: E202 whitespace before &apos;]&apos;
E     ./tbot_pytools/reactive_move.py:42:32: E201 whitespace after &apos;(&apos;
E     ./tbot_pytools/reactive_move.py:42:84: E202 whitespace before &apos;)&apos;
E     ./tbot_pytools/reactive_move.py:43:42: E201 whitespace after &apos;(&apos;
E     ./tbot_pytools/reactive_move.py:43:57: E202 whitespace before &apos;)&apos;
E     ./tbot_pytools/reactive_move.py:47:43: E203 whitespace before &apos;:&apos;
E     ./tbot_pytools/reactive_move.py:49:23: E225 missing whitespace around operator
E     ./tbot_pytools/reactive_move.py:54:14: E225 missing whitespace around operator
E     ./tbot_pytools/reactive_move.py:55:21: E225 missing whitespace around operator
E     ./tbot_pytools/reactive_move.py:57:21: E225 missing whitespace around operator
E     ./tbot_pytools/reactive_move.py:58:22: E225 missing whitespace around operator
E     ./tbot_pytools/reactive_move.py:59:41: E203 whitespace before &apos;:&apos;
E     ./tbot_pytools/reactive_move.py:60:77: E203 whitespace before &apos;:&apos;
E     ./tbot_pytools/reactive_move.py:61:31: E203 whitespace before &apos;:&apos;
E     ./tbot_pytools/reactive_move.py:62:34: E225 missing whitespace around operator
E     ./tbot_pytools/reactive_move.py:63:21: E203 whitespace before &apos;:&apos;
E     ./tbot_pytools/reactive_move.py:64:33: E225 missing whitespace around operator
E     ./tbot_pytools/reactive_move.py:65:37: E201 whitespace after &apos;(&apos;
E     ./tbot_pytools/reactive_move.py:65:41: E202 whitespace before &apos;)&apos;
E     ./tbot_pytools/reactive_move.py:66:1: W293 blank line contains whitespace
E     ./tbot_pytools/reactive_move.py:67:27: W291 trailing whitespace
E     ./tbot_pytools/reactive_move.py:68:40: E201 whitespace after &apos;(&apos;
E     ./tbot_pytools/reactive_move.py:68:46: E202 whitespace before &apos;)&apos;
E     ./tbot_pytools/reactive_move.py:69:24: E203 whitespace before &apos;:&apos;
E     ./tbot_pytools/reactive_move.py:70:31: E201 whitespace after &apos;[&apos;
E     ./tbot_pytools/reactive_move.py:70:54: E202 whitespace before &apos;]&apos;
E     ./tbot_pytools/reactive_move.py:70:56: E203 whitespace before &apos;:&apos;
E     ./tbot_pytools/reactive_move.py:72:27: E225 missing whitespace around operator
E     ./tbot_pytools/reactive_move.py:73:27: E203 whitespace before &apos;:&apos;
E     ./tbot_pytools/reactive_move.py:74:31: E201 whitespace after &apos;[&apos;
E     ./tbot_pytools/reactive_move.py:74:54: E202 whitespace before &apos;]&apos;
E     ./tbot_pytools/reactive_move.py:74:56: E203 whitespace before &apos;:&apos;
E     ./tbot_pytools/reactive_move.py:76:27: E225 missing whitespace around operator
E     ./tbot_pytools/reactive_move.py:78:38: E203 whitespace before &apos;:&apos;
E     ./tbot_pytools/reactive_move.py:79:16: E111 indentation is not a multiple of four
E     ./tbot_pytools/reactive_move.py:79:16: E117 over-indented
E     ./tbot_pytools/reactive_move.py:80:16: E111 indentation is not a multiple of four
E     ./tbot_pytools/reactive_move.py:80:26: E225 missing whitespace around operator
E     ./tbot_pytools/reactive_move.py:81:1: W293 blank line contains whitespace
E     ./tbot_pytools/reactive_move.py:82:9: E265 block comment should start with &apos;# &apos;
E     ./tbot_pytools/reactive_move.py:84:37: E203 whitespace before &apos;:&apos;
E     ./tbot_pytools/reactive_move.py:85:27: E225 missing whitespace around operator
E     ./tbot_pytools/reactive_move.py:86:38: E203 whitespace before &apos;:&apos;
E     ./tbot_pytools/reactive_move.py:87:27: E225 missing whitespace around operator
E     ./tbot_pytools/reactive_move.py:88:38: E203 whitespace before &apos;:&apos;
E     ./tbot_pytools/reactive_move.py:89:26: E225 missing whitespace around operator
E     ./tbot_pytools/reactive_move.py:93:1: E302 expected 2 blank lines, found 1
E     ./tbot_pytools/reactive_move.py:98:18: E225 missing whitespace around operator
E     ./tbot_pytools/reactive_move.py:99:1: W293 blank line contains whitespace
E     ./tbot_pytools/reactive_move.py:102:1: W293 blank line contains whitespace
E     ./tbot_pytools/multiplexer.py:2:12: E401 multiple imports on one line
E     ./tbot_pytools/multiplexer.py:7:1: E302 expected 2 blank lines, found 1
E     ./tbot_pytools/multiplexer.py:9:18: E201 whitespace after &apos;(&apos;
E     ./tbot_pytools/multiplexer.py:9:33: E251 unexpected spaces around keyword / parameter equals
E     ./tbot_pytools/multiplexer.py:9:100: E501 line too long (149 &gt; 99 characters)
E     ./tbot_pytools/multiplexer.py:9:147: E202 whitespace before &apos;)&apos;
E     ./tbot_pytools/multiplexer.py:11:18: E225 missing whitespace around operator
E     ./tbot_pytools/multiplexer.py:15:18: E225 missing whitespace around operator
E     ./tbot_pytools/multiplexer.py:16:56: E203 whitespace before &apos;:&apos;
E     ./tbot_pytools/multiplexer.py:17:38: E201 whitespace after &apos;(&apos;
E     ./tbot_pytools/multiplexer.py:19:18: E225 missing whitespace around operator
E     ./tbot_pytools/multiplexer.py:20:15: E225 missing whitespace around operator
E     ./tbot_pytools/multiplexer.py:22:26: E225 missing whitespace around operator
E     ./tbot_pytools/multiplexer.py:23:31: E203 whitespace before &apos;:&apos;
E     ./tbot_pytools/multiplexer.py:24:38: E201 whitespace after &apos;(&apos;
E     ./tbot_pytools/multiplexer.py:24:61: E201 whitespace after &apos;(&apos;
E     ./tbot_pytools/multiplexer.py:24:81: E202 whitespace before &apos;)&apos;
E     ./tbot_pytools/multiplexer.py:27:10: E225 missing whitespace around operator
E     ./tbot_pytools/multiplexer.py:28:55: E203 whitespace before &apos;:&apos;
E     ./tbot_pytools/multiplexer.py:29:38: E203 whitespace before &apos;:&apos;
E     ./tbot_pytools/multiplexer.py:30:40: E201 whitespace after &apos;(&apos;
E     ./tbot_pytools/multiplexer.py:30:69: E202 whitespace before &apos;)&apos;
E     ./tbot_pytools/multiplexer.py:31:22: E225 missing whitespace around operator
E     ./tbot_pytools/multiplexer.py:32:19: E225 missing whitespace around operator
E     ./tbot_pytools/multiplexer.py:33:39: E203 whitespace before &apos;:&apos;
E     ./tbot_pytools/multiplexer.py:34:27: E201 whitespace after &apos;(&apos;
E     ./tbot_pytools/multiplexer.py:34:34: E202 whitespace before &apos;)&apos;
E     ./tbot_pytools/multiplexer.py:37:13: E225 missing whitespace around operator
E     ./tbot_pytools/multiplexer.py:42:1: W293 blank line contains whitespace
E     ./tbot_pytools/multiplexer.py:64:1: E302 expected 2 blank lines, found 1
E     ./tbot_pytools/multiplexer.py:70:1: W293 blank line contains whitespace
E     ./tbot_pytools/multiplexer.py:73:1: W293 blank line contains whitespace
E   assert 1 == 0</failure><system-out>
./tbot_pytools/reactive_move.py:6:1: F401 &apos;std_msgs.msg.String&apos; imported but unused
from std_msgs.msg import String
^

./tbot_pytools/reactive_move.py:10:11: E225 missing whitespace around operator
STATE_STOP= 0
          ^

./tbot_pytools/reactive_move.py:11:11: E225 missing whitespace around operator
STATE_MOVE= 1
          ^

./tbot_pytools/reactive_move.py:12:11: E225 missing whitespace around operator
STATE_LEFT= 2
          ^

./tbot_pytools/reactive_move.py:13:12: E225 missing whitespace around operator
STATE_RIGHT= 3
           ^

./tbot_pytools/reactive_move.py:15:1: E302 expected 2 blank lines, found 1
class ReactiveMoveNode(Node):
^

./tbot_pytools/reactive_move.py:20:34: E201 whitespace after &apos;(&apos;
        self.create_subscription( LaserScan, &apos;scan&apos;, self.scan_callback, 10)
                                 ^

./tbot_pytools/reactive_move.py:21:23: E225 missing whitespace around operator
        self.obstacles= PointCloud()
                      ^

./tbot_pytools/reactive_move.py:22:32: E225 missing whitespace around operator
        self.velocity_publisher= self.create_publisher(Twist, &apos;/multi/cmd_nav&apos;, 10)
                               ^

./tbot_pytools/reactive_move.py:25:19: E225 missing whitespace around operator
        self.state= STATE_STOP
                  ^

./tbot_pytools/reactive_move.py:26:1: W293 blank line contains whitespace
    
^

./tbot_pytools/reactive_move.py:28:23: E225 missing whitespace around operator
        self.obstacles= PointCloud()
                      ^

./tbot_pytools/reactive_move.py:29:30: E225 missing whitespace around operator
        self.obstacles.header= scanMsg.header
                             ^

./tbot_pytools/reactive_move.py:30:14: E225 missing whitespace around operator
        angle= scanMsg.angle_min
             ^

./tbot_pytools/reactive_move.py:31:13: E225 missing whitespace around operator
        zero= (float)(0)
            ^

./tbot_pytools/reactive_move.py:32:40: E203 whitespace before &apos;:&apos;
        for aDistance in scanMsg.ranges :
                                       ^

./tbot_pytools/reactive_move.py:33:52: E203 whitespace before &apos;:&apos;
            if 0.1 &lt; aDistance and aDistance &lt; 10.0 :
                                                   ^

./tbot_pytools/reactive_move.py:34:23: E225 missing whitespace around operator
                aPoint= Point32()
                      ^

./tbot_pytools/reactive_move.py:35:25: E225 missing whitespace around operator
                aPoint.x= (float)(math.cos(angle) * aDistance)
                        ^

./tbot_pytools/reactive_move.py:36:25: E225 missing whitespace around operator
                aPoint.y= (float)(math.sin( angle ) * aDistance)
                        ^

./tbot_pytools/reactive_move.py:36:44: E201 whitespace after &apos;(&apos;
                aPoint.y= (float)(math.sin( angle ) * aDistance)
                                           ^

./tbot_pytools/reactive_move.py:36:50: E202 whitespace before &apos;)&apos;
                aPoint.y= (float)(math.sin( angle ) * aDistance)
                                                 ^

./tbot_pytools/reactive_move.py:37:25: E225 missing whitespace around operator
                aPoint.z= zero
                        ^

./tbot_pytools/reactive_move.py:38:46: E201 whitespace after &apos;(&apos;
                self.obstacles.points.append( aPoint )
                                             ^

./tbot_pytools/reactive_move.py:38:53: E202 whitespace before &apos;)&apos;
                self.obstacles.points.append( aPoint )
                                                    ^

./tbot_pytools/reactive_move.py:39:18: E225 missing whitespace around operator
            angle+= scanMsg.angle_increment
                 ^

./tbot_pytools/reactive_move.py:40:1: W293 blank line contains whitespace
        
^

./tbot_pytools/reactive_move.py:41:15: E225 missing whitespace around operator
        sample= [ [ round(p.x, 2), round(p.y, 2) ] for p in  self.obstacles.points[10:15] ]
              ^

./tbot_pytools/reactive_move.py:41:18: E201 whitespace after &apos;[&apos;
        sample= [ [ round(p.x, 2), round(p.y, 2) ] for p in  self.obstacles.points[10:15] ]
                 ^

./tbot_pytools/reactive_move.py:41:20: E201 whitespace after &apos;[&apos;
        sample= [ [ round(p.x, 2), round(p.y, 2) ] for p in  self.obstacles.points[10:15] ]
                   ^

./tbot_pytools/reactive_move.py:41:49: E202 whitespace before &apos;]&apos;
        sample= [ [ round(p.x, 2), round(p.y, 2) ] for p in  self.obstacles.points[10:15] ]
                                                ^

./tbot_pytools/reactive_move.py:41:60: E271 multiple spaces after keyword
        sample= [ [ round(p.x, 2), round(p.y, 2) ] for p in  self.obstacles.points[10:15] ]
                                                           ^

./tbot_pytools/reactive_move.py:41:90: E202 whitespace before &apos;]&apos;
        sample= [ [ round(p.x, 2), round(p.y, 2) ] for p in  self.obstacles.points[10:15] ]
                                                                                         ^

./tbot_pytools/reactive_move.py:42:32: E201 whitespace after &apos;(&apos;
        self.get_logger().info( f&quot; pc({len(self.obstacles.points)}) ...{sample}...&quot; )
                               ^

./tbot_pytools/reactive_move.py:42:84: E202 whitespace before &apos;)&apos;
        self.get_logger().info( f&quot; pc({len(self.obstacles.points)}) ...{sample}...&quot; )
                                                                                   ^

./tbot_pytools/reactive_move.py:43:42: E201 whitespace after &apos;(&apos;
        self.obstacles_publisher.publish( self.obstacles )
                                         ^

./tbot_pytools/reactive_move.py:43:57: E202 whitespace before &apos;)&apos;
        self.obstacles_publisher.publish( self.obstacles )
                                                        ^

./tbot_pytools/reactive_move.py:47:43: E203 whitespace before &apos;:&apos;
        if len(self.obstacles.points) == 0 :
                                          ^

./tbot_pytools/reactive_move.py:49:23: E225 missing whitespace around operator
            self.state= STATE_STOP
                      ^

./tbot_pytools/reactive_move.py:54:14: E225 missing whitespace around operator
        focus= PointCloud()
             ^

./tbot_pytools/reactive_move.py:55:21: E225 missing whitespace around operator
        focus.header= self.obstacles.header
                    ^

./tbot_pytools/reactive_move.py:57:21: E225 missing whitespace around operator
        obstacleLeft= False
                    ^

./tbot_pytools/reactive_move.py:58:22: E225 missing whitespace around operator
        obstacleRight= False
                     ^

./tbot_pytools/reactive_move.py:59:41: E203 whitespace before &apos;:&apos;
        for obs in self.obstacles.points :
                                        ^

./tbot_pytools/reactive_move.py:60:77: E203 whitespace before &apos;:&apos;
            if 0.01 &lt; obs.x and obs.x &lt; 1.0 and -0.4 &lt; obs.y and obs.y &lt; 0.4 :
                                                                            ^

./tbot_pytools/reactive_move.py:61:31: E203 whitespace before &apos;:&apos;
                if obs.y &lt; 0.0 :
                              ^

./tbot_pytools/reactive_move.py:62:34: E225 missing whitespace around operator
                    obstacleRight= True
                                 ^

./tbot_pytools/reactive_move.py:63:21: E203 whitespace before &apos;:&apos;
                else :
                    ^

./tbot_pytools/reactive_move.py:64:33: E225 missing whitespace around operator
                    obstacleLeft= True
                                ^

./tbot_pytools/reactive_move.py:65:37: E201 whitespace after &apos;(&apos;
                focus.points.append( obs )
                                    ^

./tbot_pytools/reactive_move.py:65:41: E202 whitespace before &apos;)&apos;
                focus.points.append( obs )
                                        ^

./tbot_pytools/reactive_move.py:66:1: W293 blank line contains whitespace
        
^

./tbot_pytools/reactive_move.py:67:27: W291 trailing whitespace
        # State estimation 
                          ^

./tbot_pytools/reactive_move.py:68:40: E201 whitespace after &apos;(&apos;
        self.control_publisher.publish( focus )
                                       ^

./tbot_pytools/reactive_move.py:68:46: E202 whitespace before &apos;)&apos;
        self.control_publisher.publish( focus )
                                             ^

./tbot_pytools/reactive_move.py:69:24: E203 whitespace before &apos;:&apos;
        if obstacleLeft :
                       ^

./tbot_pytools/reactive_move.py:70:31: E201 whitespace after &apos;[&apos;
            if self.state in [ STATE_STOP, STATE_MOVE ] :
                              ^

./tbot_pytools/reactive_move.py:70:54: E202 whitespace before &apos;]&apos;
            if self.state in [ STATE_STOP, STATE_MOVE ] :
                                                     ^

./tbot_pytools/reactive_move.py:70:56: E203 whitespace before &apos;:&apos;
            if self.state in [ STATE_STOP, STATE_MOVE ] :
                                                       ^

./tbot_pytools/reactive_move.py:72:27: E225 missing whitespace around operator
                self.state= STATE_RIGHT
                          ^

./tbot_pytools/reactive_move.py:73:27: E203 whitespace before &apos;:&apos;
        elif obstacleRight :
                          ^

./tbot_pytools/reactive_move.py:74:31: E201 whitespace after &apos;[&apos;
            if self.state in [ STATE_STOP, STATE_MOVE ] :
                              ^

./tbot_pytools/reactive_move.py:74:54: E202 whitespace before &apos;]&apos;
            if self.state in [ STATE_STOP, STATE_MOVE ] :
                                                     ^

./tbot_pytools/reactive_move.py:74:56: E203 whitespace before &apos;:&apos;
            if self.state in [ STATE_STOP, STATE_MOVE ] :
                                                       ^

./tbot_pytools/reactive_move.py:76:27: E225 missing whitespace around operator
                self.state= STATE_LEFT
                          ^

./tbot_pytools/reactive_move.py:78:38: E203 whitespace before &apos;:&apos;
        elif self.state != STATE_MOVE :
                                     ^

./tbot_pytools/reactive_move.py:79:16: E111 indentation is not a multiple of four
               print(&quot;move move move&quot;)
               ^

./tbot_pytools/reactive_move.py:79:16: E117 over-indented
               print(&quot;move move move&quot;)
               ^

./tbot_pytools/reactive_move.py:80:16: E111 indentation is not a multiple of four
               self.state= STATE_MOVE
               ^

./tbot_pytools/reactive_move.py:80:26: E225 missing whitespace around operator
               self.state= STATE_MOVE
                         ^

./tbot_pytools/reactive_move.py:81:1: W293 blank line contains whitespace
        
^

./tbot_pytools/reactive_move.py:82:9: E265 block comment should start with &apos;# &apos;
        #Control
        ^

./tbot_pytools/reactive_move.py:84:37: E203 whitespace before &apos;:&apos;
        if self.state == STATE_RIGHT :
                                    ^

./tbot_pytools/reactive_move.py:85:27: E225 missing whitespace around operator
            velo.angular.z= (float)(-1.0)
                          ^

./tbot_pytools/reactive_move.py:86:38: E203 whitespace before &apos;:&apos;
        elif self.state == STATE_LEFT :
                                     ^

./tbot_pytools/reactive_move.py:87:27: E225 missing whitespace around operator
            velo.angular.z= (float)(1.0)
                          ^

./tbot_pytools/reactive_move.py:88:38: E203 whitespace before &apos;:&apos;
        elif self.state == STATE_MOVE :
                                     ^

./tbot_pytools/reactive_move.py:89:26: E225 missing whitespace around operator
            velo.linear.x= (float)(0.1)
                         ^

./tbot_pytools/reactive_move.py:93:1: E302 expected 2 blank lines, found 1
def move(args=None):
^

./tbot_pytools/reactive_move.py:98:18: E225 missing whitespace around operator
    scanInterpret= ReactiveMoveNode()
                 ^

./tbot_pytools/reactive_move.py:99:1: W293 blank line contains whitespace
    
^

./tbot_pytools/reactive_move.py:102:1: W293 blank line contains whitespace
    
^

./tbot_pytools/multiplexer.py:2:12: E401 multiple imports on one line
import time, rclpy
           ^

./tbot_pytools/multiplexer.py:7:1: E302 expected 2 blank lines, found 1
class Multiplexer(Node):
^

./tbot_pytools/multiplexer.py:9:18: E201 whitespace after &apos;(&apos;
    def __init__( self, MsgType= Twist, inTopics=[&apos;/multi/cmd_nav&apos;, &apos;/multi/cmd_teleop&apos;], outTopics=[&apos;/cmd_vel&apos;, &apos;/mobile_base/commands/velocity&apos;] ):
                 ^

./tbot_pytools/multiplexer.py:9:33: E251 unexpected spaces around keyword / parameter equals
    def __init__( self, MsgType= Twist, inTopics=[&apos;/multi/cmd_nav&apos;, &apos;/multi/cmd_teleop&apos;], outTopics=[&apos;/cmd_vel&apos;, &apos;/mobile_base/commands/velocity&apos;] ):
                                ^

./tbot_pytools/multiplexer.py:9:100: E501 line too long (149 &gt; 99 characters)
    def __init__( self, MsgType= Twist, inTopics=[&apos;/multi/cmd_nav&apos;, &apos;/multi/cmd_teleop&apos;], outTopics=[&apos;/cmd_vel&apos;, &apos;/mobile_base/commands/velocity&apos;] ):
                                                                                                   ^

./tbot_pytools/multiplexer.py:9:147: E202 whitespace before &apos;)&apos;
    def __init__( self, MsgType= Twist, inTopics=[&apos;/multi/cmd_nav&apos;, &apos;/multi/cmd_teleop&apos;], outTopics=[&apos;/cmd_vel&apos;, &apos;/mobile_base/commands/velocity&apos;] ):
                                                                                                                                                  ^

./tbot_pytools/multiplexer.py:11:18: E225 missing whitespace around operator
        callbacks= [
                 ^

./tbot_pytools/multiplexer.py:15:18: E225 missing whitespace around operator
        callbacks= callbacks[:len(inTopics)]
                 ^

./tbot_pytools/multiplexer.py:16:56: E203 whitespace before &apos;:&apos;
        for topic, callback in zip(inTopics, callbacks) :
                                                       ^

./tbot_pytools/multiplexer.py:17:38: E201 whitespace after &apos;(&apos;
            self.create_subscription( MsgType, topic, callback, 10)
                                     ^

./tbot_pytools/multiplexer.py:19:18: E225 missing whitespace around operator
        self.hand= 0
                 ^

./tbot_pytools/multiplexer.py:20:15: E225 missing whitespace around operator
        self.t= time.time()
              ^

./tbot_pytools/multiplexer.py:22:26: E225 missing whitespace around operator
        self.myPublishers= []
                         ^

./tbot_pytools/multiplexer.py:23:31: E203 whitespace before &apos;:&apos;
        for topic in outTopics :
                              ^

./tbot_pytools/multiplexer.py:24:38: E201 whitespace after &apos;(&apos;
            self.myPublishers.append( self.create_publisher( MsgType, topic, 10) )
                                     ^

./tbot_pytools/multiplexer.py:24:61: E201 whitespace after &apos;(&apos;
            self.myPublishers.append( self.create_publisher( MsgType, topic, 10) )
                                                            ^

./tbot_pytools/multiplexer.py:24:81: E202 whitespace before &apos;)&apos;
            self.myPublishers.append( self.create_publisher( MsgType, topic, 10) )
                                                                                ^

./tbot_pytools/multiplexer.py:27:10: E225 missing whitespace around operator
        t= time.time()
         ^

./tbot_pytools/multiplexer.py:28:55: E203 whitespace before &apos;:&apos;
        if prevalence &gt;= self.hand or t - self.t &gt; 1.0 :
                                                      ^

./tbot_pytools/multiplexer.py:29:38: E203 whitespace before &apos;:&apos;
            if prevalence &gt; self.hand :
                                     ^

./tbot_pytools/multiplexer.py:30:40: E201 whitespace after &apos;(&apos;
                self.get_logger().info( f&quot;Get cmd from {prevalence}&quot; )
                                       ^

./tbot_pytools/multiplexer.py:30:69: E202 whitespace before &apos;)&apos;
                self.get_logger().info( f&quot;Get cmd from {prevalence}&quot; )
                                                                    ^

./tbot_pytools/multiplexer.py:31:22: E225 missing whitespace around operator
            self.hand= prevalence
                     ^

./tbot_pytools/multiplexer.py:32:19: E225 missing whitespace around operator
            self.t= t
                  ^

./tbot_pytools/multiplexer.py:33:39: E203 whitespace before &apos;:&apos;
            for p in self.myPublishers :
                                      ^

./tbot_pytools/multiplexer.py:34:27: E201 whitespace after &apos;(&apos;
                p.publish( cmdMsg )
                          ^

./tbot_pytools/multiplexer.py:34:34: E202 whitespace before &apos;)&apos;
                p.publish( cmdMsg )
                                 ^

./tbot_pytools/multiplexer.py:37:13: E225 missing whitespace around operator
        velo= Twist()
            ^

./tbot_pytools/multiplexer.py:42:1: W293 blank line contains whitespace
    
^

./tbot_pytools/multiplexer.py:64:1: E302 expected 2 blank lines, found 1
def multiplexer(args=None):
^

./tbot_pytools/multiplexer.py:70:1: W293 blank line contains whitespace
    
^

./tbot_pytools/multiplexer.py:73:1: W293 blank line contains whitespace
    
^

2     E111 indentation is not a multiple of four
1     E117 over-indented
17    E201 whitespace after &apos;(&apos;
14    E202 whitespace before &apos;)&apos;
20    E203 whitespace before &apos;:&apos;
40    E225 missing whitespace around operator
1     E251 unexpected spaces around keyword / parameter equals
1     E265 block comment should start with &apos;# &apos;
1     E271 multiple spaces after keyword
4     E302 expected 2 blank lines, found 1
1     E401 multiple imports on one line
1     E501 line too long (149 &gt; 99 characters)
1     F401 &apos;std_msgs.msg.String&apos; imported but unused
1     W291 trailing whitespace
9     W293 blank line contains whitespace

7 files checked
114 errors

&apos;E&apos;-type errors: 103
&apos;F&apos;-type errors: 1
&apos;W&apos;-type errors: 10

Checked files:

* ./setup.py
* ./tbot_pytools/__init__.py
* ./tbot_pytools/reactive_move.py
* ./tbot_pytools/multiplexer.py
* ./test/test_flake8.py
* ./test/test_copyright.py
* ./test/test_pep257.py
</system-out></testcase><testcase classname="tbot_pytools.test.test_pep257" file="test/test_pep257.py" line="18" name="test_pep257" time="0.016"><system-out>checking ./setup.py
checking ./tbot_pytools/__init__.py
checking ./tbot_pytools/multiplexer.py
checking ./tbot_pytools/reactive_move.py
checking ./test/test_copyright.py
checking ./test/test_flake8.py
checking ./test/test_pep257.py
checking test/test_copyright.py
checking test/test_flake8.py
checking test/test_pep257.py
No problems found
</system-out></testcase></testsuite></testsuites>