<?xml version="1.0" encoding="UTF-8"?>
<Site BuildName="(empty)"
	BuildStamp="20230106-0835-Experimental"
	Name="bishop"
	Generator="ctest-3.16.3"
	CompilerName="/usr/bin/c++"
	CompilerVersion="9.4.0"
	OSName="Linux"
	Hostname="bishop"
	OSRelease="5.14.0-1054-oem"
	OSVersion="#61-Ubuntu SMP Fri Oct 14 13:05:50 UTC 2022"
	OSPlatform="x86_64"
	Is64Bits="1"
	VendorString="GenuineIntel"
	VendorID="Intel Corporation"
	FamilyID="6"
	ModelID="141"
	ProcessorCacheSize="24576"
	NumberOfLogicalCPU="16"
	NumberOfPhysicalCPU="8"
	TotalVirtualMemory="2047"
	TotalPhysicalMemory="15200"
	LogicalProcessorsPerPhysical="2"
	ProcessorClockFrequency="2500"
	>
	<Testing>
		<StartDateTime>Jan 06 09:35 CET</StartDateTime>
		<StartTestTime>1672994144</StartTestTime>
		<TestList>
			<Test>./copyright</Test>
			<Test>./flake8</Test>
			<Test>./lint_cmake</Test>
			<Test>./pep257</Test>
			<Test>./xmllint</Test>
		</TestList>
		<Test Status="failed">
			<Name>copyright</Name>
			<Path>.</Path>
			<FullName>./copyright</FullName>
			<FullCommandLine>/usr/bin/python3 "-u" "/opt/ros/foxy/share/ament_cmake_test/cmake/run_test.py" "/home/bot/ros2_ws/build/tbot_start/test_results/tbot_start/copyright.xunit.xml" "--package-name" "tbot_start" "--output-file" "/home/bot/ros2_ws/build/tbot_start/ament_copyright/copyright.txt" "--command" "/opt/ros/foxy/bin/ament_copyright" "--xunit-file" "/home/bot/ros2_ws/build/tbot_start/test_results/tbot_start/copyright.xunit.xml"</FullCommandLine>
			<Results>
				<NamedMeasurement type="text/string" name="Exit Code">
					<Value>Failed</Value>
				</NamedMeasurement>
				<NamedMeasurement type="text/string" name="Exit Value">
					<Value>1</Value>
				</NamedMeasurement>
				<NamedMeasurement type="numeric/double" name="Execution Time">
					<Value>0.14595</Value>
				</NamedMeasurement>
				<NamedMeasurement type="numeric/double" name="Processors">
					<Value>1</Value>
				</NamedMeasurement>
				<NamedMeasurement type="text/string" name="Completion Status">
					<Value>Completed</Value>
				</NamedMeasurement>
				<NamedMeasurement type="text/string" name="Command Line">
					<Value>/usr/bin/python3 "-u" "/opt/ros/foxy/share/ament_cmake_test/cmake/run_test.py" "/home/bot/ros2_ws/build/tbot_start/test_results/tbot_start/copyright.xunit.xml" "--package-name" "tbot_start" "--output-file" "/home/bot/ros2_ws/build/tbot_start/ament_copyright/copyright.txt" "--command" "/opt/ros/foxy/bin/ament_copyright" "--xunit-file" "/home/bot/ros2_ws/build/tbot_start/test_results/tbot_start/copyright.xunit.xml"</Value>
				</NamedMeasurement>
				<Measurement>
					<Value>-- run_test.py: invoking following command in '/home/bot/ros2_ws/pkg-tbot/tbot_start':
 - /opt/ros/foxy/bin/ament_copyright --xunit-file /home/bot/ros2_ws/build/tbot_start/test_results/tbot_start/copyright.xunit.xml
launch/bringup.launch.py: could not find copyright notice
launch/move_launch.py: could not find copyright notice
2 errors, checked 2 files
-- run_test.py: return code 1
-- run_test.py: verify result file '/home/bot/ros2_ws/build/tbot_start/test_results/tbot_start/copyright.xunit.xml'
</Value>
				</Measurement>
			</Results>
			<Labels>
				<Label>copyright</Label>
				<Label>linter</Label>
			</Labels>
		</Test>
		<Test Status="failed">
			<Name>flake8</Name>
			<Path>.</Path>
			<FullName>./flake8</FullName>
			<FullCommandLine>/usr/bin/python3 "-u" "/opt/ros/foxy/share/ament_cmake_test/cmake/run_test.py" "/home/bot/ros2_ws/build/tbot_start/test_results/tbot_start/flake8.xunit.xml" "--package-name" "tbot_start" "--output-file" "/home/bot/ros2_ws/build/tbot_start/ament_flake8/flake8.txt" "--command" "/opt/ros/foxy/bin/ament_flake8" "--xunit-file" "/home/bot/ros2_ws/build/tbot_start/test_results/tbot_start/flake8.xunit.xml"</FullCommandLine>
			<Results>
				<NamedMeasurement type="text/string" name="Exit Code">
					<Value>Failed</Value>
				</NamedMeasurement>
				<NamedMeasurement type="text/string" name="Exit Value">
					<Value>1</Value>
				</NamedMeasurement>
				<NamedMeasurement type="numeric/double" name="Execution Time">
					<Value>0.215643</Value>
				</NamedMeasurement>
				<NamedMeasurement type="numeric/double" name="Processors">
					<Value>1</Value>
				</NamedMeasurement>
				<NamedMeasurement type="text/string" name="Completion Status">
					<Value>Completed</Value>
				</NamedMeasurement>
				<NamedMeasurement type="text/string" name="Command Line">
					<Value>/usr/bin/python3 "-u" "/opt/ros/foxy/share/ament_cmake_test/cmake/run_test.py" "/home/bot/ros2_ws/build/tbot_start/test_results/tbot_start/flake8.xunit.xml" "--package-name" "tbot_start" "--output-file" "/home/bot/ros2_ws/build/tbot_start/ament_flake8/flake8.txt" "--command" "/opt/ros/foxy/bin/ament_flake8" "--xunit-file" "/home/bot/ros2_ws/build/tbot_start/test_results/tbot_start/flake8.xunit.xml"</Value>
				</NamedMeasurement>
				<Measurement>
					<Value>-- run_test.py: invoking following command in '/home/bot/ros2_ws/pkg-tbot/tbot_start':
 - /opt/ros/foxy/bin/ament_flake8 --xunit-file /home/bot/ros2_ws/build/tbot_start/test_results/tbot_start/flake8.xunit.xml

./launch/bringup.launch.py:7:1: E302 expected 2 blank lines, found 1
def generate_launch_description():
^

./launch/bringup.launch.py:9:45: E231 missing whitespace after ','
    kobuki_urdf = os.path.join(tbot_sim_path,'urdf', 'kobuki_standalone.urdf')
                                            ^

./launch/bringup.launch.py:43:17: E128 continuation line under-indented for visual indent
                'robot_description': urdf}]),
                ^

./launch/move_launch.py:4:1: E302 expected 2 blank lines, found 1
def generate_launch_description():
^

1     E128 continuation line under-indented for visual indent
1     E231 missing whitespace after ','
2     E302 expected 2 blank lines, found 1

2 files checked
4 errors

'E'-type errors: 4

Checked files:

* ./launch/bringup.launch.py
* ./launch/move_launch.py
-- run_test.py: return code 1
-- run_test.py: verify result file '/home/bot/ros2_ws/build/tbot_start/test_results/tbot_start/flake8.xunit.xml'
</Value>
				</Measurement>
			</Results>
			<Labels>
				<Label>flake8</Label>
				<Label>linter</Label>
			</Labels>
		</Test>
		<Test Status="passed">
			<Name>lint_cmake</Name>
			<Path>.</Path>
			<FullName>./lint_cmake</FullName>
			<FullCommandLine>/usr/bin/python3 "-u" "/opt/ros/foxy/share/ament_cmake_test/cmake/run_test.py" "/home/bot/ros2_ws/build/tbot_start/test_results/tbot_start/lint_cmake.xunit.xml" "--package-name" "tbot_start" "--output-file" "/home/bot/ros2_ws/build/tbot_start/ament_lint_cmake/lint_cmake.txt" "--command" "/opt/ros/foxy/bin/ament_lint_cmake" "--xunit-file" "/home/bot/ros2_ws/build/tbot_start/test_results/tbot_start/lint_cmake.xunit.xml"</FullCommandLine>
			<Results>
				<NamedMeasurement type="numeric/double" name="Execution Time">
					<Value>0.145484</Value>
				</NamedMeasurement>
				<NamedMeasurement type="numeric/double" name="Processors">
					<Value>1</Value>
				</NamedMeasurement>
				<NamedMeasurement type="text/string" name="Completion Status">
					<Value>Completed</Value>
				</NamedMeasurement>
				<NamedMeasurement type="text/string" name="Command Line">
					<Value>/usr/bin/python3 "-u" "/opt/ros/foxy/share/ament_cmake_test/cmake/run_test.py" "/home/bot/ros2_ws/build/tbot_start/test_results/tbot_start/lint_cmake.xunit.xml" "--package-name" "tbot_start" "--output-file" "/home/bot/ros2_ws/build/tbot_start/ament_lint_cmake/lint_cmake.txt" "--command" "/opt/ros/foxy/bin/ament_lint_cmake" "--xunit-file" "/home/bot/ros2_ws/build/tbot_start/test_results/tbot_start/lint_cmake.xunit.xml"</Value>
				</NamedMeasurement>
				<Measurement>
					<Value>-- run_test.py: invoking following command in '/home/bot/ros2_ws/pkg-tbot/tbot_start':
 - /opt/ros/foxy/bin/ament_lint_cmake --xunit-file /home/bot/ros2_ws/build/tbot_start/test_results/tbot_start/lint_cmake.xunit.xml

No problems found
-- run_test.py: return code 0
-- run_test.py: verify result file '/home/bot/ros2_ws/build/tbot_start/test_results/tbot_start/lint_cmake.xunit.xml'
</Value>
				</Measurement>
			</Results>
			<Labels>
				<Label>lint_cmake</Label>
				<Label>linter</Label>
			</Labels>
		</Test>
		<Test Status="passed">
			<Name>pep257</Name>
			<Path>.</Path>
			<FullName>./pep257</FullName>
			<FullCommandLine>/usr/bin/python3 "-u" "/opt/ros/foxy/share/ament_cmake_test/cmake/run_test.py" "/home/bot/ros2_ws/build/tbot_start/test_results/tbot_start/pep257.xunit.xml" "--package-name" "tbot_start" "--output-file" "/home/bot/ros2_ws/build/tbot_start/ament_pep257/pep257.txt" "--command" "/opt/ros/foxy/bin/ament_pep257" "--xunit-file" "/home/bot/ros2_ws/build/tbot_start/test_results/tbot_start/pep257.xunit.xml"</FullCommandLine>
			<Results>
				<NamedMeasurement type="numeric/double" name="Execution Time">
					<Value>0.18872</Value>
				</NamedMeasurement>
				<NamedMeasurement type="numeric/double" name="Processors">
					<Value>1</Value>
				</NamedMeasurement>
				<NamedMeasurement type="text/string" name="Completion Status">
					<Value>Completed</Value>
				</NamedMeasurement>
				<NamedMeasurement type="text/string" name="Command Line">
					<Value>/usr/bin/python3 "-u" "/opt/ros/foxy/share/ament_cmake_test/cmake/run_test.py" "/home/bot/ros2_ws/build/tbot_start/test_results/tbot_start/pep257.xunit.xml" "--package-name" "tbot_start" "--output-file" "/home/bot/ros2_ws/build/tbot_start/ament_pep257/pep257.txt" "--command" "/opt/ros/foxy/bin/ament_pep257" "--xunit-file" "/home/bot/ros2_ws/build/tbot_start/test_results/tbot_start/pep257.xunit.xml"</Value>
				</NamedMeasurement>
				<Measurement>
					<Value>-- run_test.py: invoking following command in '/home/bot/ros2_ws/pkg-tbot/tbot_start':
 - /opt/ros/foxy/bin/ament_pep257 --xunit-file /home/bot/ros2_ws/build/tbot_start/test_results/tbot_start/pep257.xunit.xml
checking ./launch/bringup.launch.py
checking ./launch/move_launch.py
No problems found
-- run_test.py: return code 0
-- run_test.py: verify result file '/home/bot/ros2_ws/build/tbot_start/test_results/tbot_start/pep257.xunit.xml'
</Value>
				</Measurement>
			</Results>
			<Labels>
				<Label>linter</Label>
				<Label>pep257</Label>
			</Labels>
		</Test>
		<Test Status="passed">
			<Name>xmllint</Name>
			<Path>.</Path>
			<FullName>./xmllint</FullName>
			<FullCommandLine>/usr/bin/python3 "-u" "/opt/ros/foxy/share/ament_cmake_test/cmake/run_test.py" "/home/bot/ros2_ws/build/tbot_start/test_results/tbot_start/xmllint.xunit.xml" "--package-name" "tbot_start" "--output-file" "/home/bot/ros2_ws/build/tbot_start/ament_xmllint/xmllint.txt" "--command" "/opt/ros/foxy/bin/ament_xmllint" "--xunit-file" "/home/bot/ros2_ws/build/tbot_start/test_results/tbot_start/xmllint.xunit.xml"</FullCommandLine>
			<Results>
				<NamedMeasurement type="numeric/double" name="Execution Time">
					<Value>1.16092</Value>
				</NamedMeasurement>
				<NamedMeasurement type="numeric/double" name="Processors">
					<Value>1</Value>
				</NamedMeasurement>
				<NamedMeasurement type="text/string" name="Completion Status">
					<Value>Completed</Value>
				</NamedMeasurement>
				<NamedMeasurement type="text/string" name="Command Line">
					<Value>/usr/bin/python3 "-u" "/opt/ros/foxy/share/ament_cmake_test/cmake/run_test.py" "/home/bot/ros2_ws/build/tbot_start/test_results/tbot_start/xmllint.xunit.xml" "--package-name" "tbot_start" "--output-file" "/home/bot/ros2_ws/build/tbot_start/ament_xmllint/xmllint.txt" "--command" "/opt/ros/foxy/bin/ament_xmllint" "--xunit-file" "/home/bot/ros2_ws/build/tbot_start/test_results/tbot_start/xmllint.xunit.xml"</Value>
				</NamedMeasurement>
				<Measurement>
					<Value>-- run_test.py: invoking following command in '/home/bot/ros2_ws/pkg-tbot/tbot_start':
 - /opt/ros/foxy/bin/ament_xmllint --xunit-file /home/bot/ros2_ws/build/tbot_start/test_results/tbot_start/xmllint.xunit.xml
File 'package.xml' is valid

No problems found
-- run_test.py: return code 0
-- run_test.py: verify result file '/home/bot/ros2_ws/build/tbot_start/test_results/tbot_start/xmllint.xunit.xml'
</Value>
				</Measurement>
			</Results>
			<Labels>
				<Label>linter</Label>
				<Label>xmllint</Label>
			</Labels>
		</Test>
		<EndDateTime>Jan 06 09:35 CET</EndDateTime>
		<EndTestTime>1672994146</EndTestTime>
		<ElapsedMinutes>0</ElapsedMinutes>
	</Testing>
</Site>
